<?xml version="1.0" encoding="UTF-8"?>
<testng-results ignored="0" total="4" passed="4" failed="0" skipped="0">
  <reporter-output>
  </reporter-output>
  <suite started-at="2023-08-29T16:41:22 IST" name="Default suite" finished-at="2023-08-29T16:41:34 IST" duration-ms="12417">
    <groups>
      <group name="cucumber">
        <method signature="AbstractTestNGCucumberTests.runScenario(io.cucumber.testng.PickleWrapper,io.cucumber.testng.FeatureWrapper)[pri:0, instance:cucumberOptions.TestNgTestRunner@35841320]" name="runScenario" class="io.cucumber.testng.AbstractTestNGCucumberTests"/>
      </group> <!-- cucumber -->
    </groups>
    <test started-at="2023-08-29T16:41:22 IST" name="Default test" finished-at="2023-08-29T16:41:34 IST" duration-ms="12417">
      <class name="cucumberOptions.TestNgTestRunner">
        <test-method is-config="true" signature="setUpClass(org.testng.ITestContext)[pri:0, instance:cucumberOptions.TestNgTestRunner@35841320]" started-at="2023-08-29T16:41:22 IST" name="setUpClass" finished-at="2023-08-29T16:41:22 IST" duration-ms="586" status="PASS">
          <params>
            <param index="0">
              <value>
                <![CDATA[org.testng.TestRunner@1286528d]]>
              </value>
            </param>
          </params>
          <reporter-output>
          </reporter-output>
        </test-method> <!-- setUpClass -->
        <test-method signature="runScenario(io.cucumber.testng.PickleWrapper,io.cucumber.testng.FeatureWrapper)[pri:0, instance:cucumberOptions.TestNgTestRunner@35841320]" started-at="2023-08-29T16:41:22 IST" name="runScenario" description="Runs Cucumber Scenarios" data-provider="scenarios" finished-at="2023-08-29T16:41:34 IST" duration-ms="11619" status="PASS">
          <params>
            <param index="0">
              <value>
                <![CDATA["Search Experience for the prduct search in both Home and Offer Page"]]>
              </value>
            </param>
            <param index="1">
              <value>
                <![CDATA["Search and place the order for the product"]]>
              </value>
            </param>
          </params>
          <reporter-output>
          </reporter-output>
        </test-method> <!-- runScenario -->
        <test-method signature="runScenario(io.cucumber.testng.PickleWrapper,io.cucumber.testng.FeatureWrapper)[pri:0, instance:cucumberOptions.TestNgTestRunner@35841320]" started-at="2023-08-29T16:41:22 IST" name="runScenario" description="Runs Cucumber Scenarios" data-provider="scenarios" finished-at="2023-08-29T16:41:34 IST" duration-ms="11724" status="PASS">
          <params>
            <param index="0">
              <value>
                <![CDATA["Search Experience for the prduct search in both Home and Offer Page"]]>
              </value>
            </param>
            <param index="1">
              <value>
                <![CDATA["Search and place the order for the product"]]>
              </value>
            </param>
          </params>
          <reporter-output>
          </reporter-output>
        </test-method> <!-- runScenario -->
        <test-method signature="runScenario(io.cucumber.testng.PickleWrapper,io.cucumber.testng.FeatureWrapper)[pri:0, instance:cucumberOptions.TestNgTestRunner@35841320]" started-at="2023-08-29T16:41:22 IST" name="runScenario" description="Runs Cucumber Scenarios" data-provider="scenarios" finished-at="2023-08-29T16:41:32 IST" duration-ms="9272" status="PASS">
          <params>
            <param index="0">
              <value>
                <![CDATA["Search Experience for the prduct search in both Home and Offer Page"]]>
              </value>
            </param>
            <param index="1">
              <value>
                <![CDATA["place the order for the product"]]>
              </value>
            </param>
          </params>
          <reporter-output>
          </reporter-output>
        </test-method> <!-- runScenario -->
        <test-method signature="runScenario(io.cucumber.testng.PickleWrapper,io.cucumber.testng.FeatureWrapper)[pri:0, instance:cucumberOptions.TestNgTestRunner@35841320]" started-at="2023-08-29T16:41:22 IST" name="runScenario" description="Runs Cucumber Scenarios" data-provider="scenarios" finished-at="2023-08-29T16:41:34 IST" duration-ms="11695" status="PASS">
          <params>
            <param index="0">
              <value>
                <![CDATA["Search Experience for the prduct search in both Home and Offer Page"]]>
              </value>
            </param>
            <param index="1">
              <value>
                <![CDATA["Search and place the order for the product"]]>
              </value>
            </param>
          </params>
          <reporter-output>
          </reporter-output>
        </test-method> <!-- runScenario -->
        <test-method is-config="true" signature="tearDownClass()[pri:0, instance:cucumberOptions.TestNgTestRunner@35841320]" started-at="2023-08-29T16:41:34 IST" name="tearDownClass" finished-at="2023-08-29T16:41:34 IST" duration-ms="69" status="PASS">
          <reporter-output>
          </reporter-output>
        </test-method> <!-- tearDownClass -->
      </class> <!-- cucumberOptions.TestNgTestRunner -->
    </test> <!-- Default test -->
  </suite> <!-- Default suite -->
</testng-results>
